### Custom WaveView ADV log file, revision V-2023.12-SP1 (build Mar 01, ) ###
### created at 18:35:23 on Tue May 26 2026 (Linux AMD64) ###
### Host Name: mario   User ID: mario   PID: 33081   ###
wv_start_log
# (0) running in waveview only mode
# (0) SW_SX_PERL_LIB defined
# (0) SW_SX_TCL_LIB defined
# (0) HOME defined
sx_open_sim_file_read {lab4.ac0}
wv_resize_browser {Custom WaveView} {} {WV.Browser} 250 686
wv_resize_browser {Custom WaveView} {} {waveview 1:1} 1180 660
wv_resize_window {Custom WaveView} 1440 829
wv_expand_tree_item {Custom WaveView} {} {hierview} {D0:lab4.ac0(0)} {+sep=@}
wv_collapse_tree_item {Custom WaveView} {} {hierview} {D0:lab4.ac0(0)} {+sep=@}
wv_expand_tree_item {Custom WaveView} {} {hierview} {D0:lab4.ac0(0)} {+sep=@}
wv_collapse_tree_item {Custom WaveView} {} {hierview} {D0:lab4.ac0(0)} {+sep=@}
wv_move_window {Custom WaveView} {} 0 23
wv_expand_tree_item {Custom WaveView} {} {hierview} {D0:lab4.ac0(0)} {+sep=@}
wv_select_tree_item {Custom WaveView} {} {hierview} {D0:lab4.ac0(0)@toplevel(0)} {0} {+sep=@}
wv_press_tool_button {Custom WaveView} {} {NewWaveView0} 
wv_press_tool_button {Custom WaveView} {waveview 2:2} {Waveview.CloseBtn} 
wv_select_dialog {Confirmation} 
wv_press_button {Confirmation} {} {Ok} 
wv_select_tab {Custom WaveView} {} {WVTab} {waveview 1:1}
wv_select_waveview 1 {waveview 1}
wv_release_wv_item WV1 197 129
wv_select_tree_item {Custom WaveView} {} {hierview} {D0:lab4.ac0(0)} {0} {+sep=@}
wv_collapse_tree_item {Custom WaveView} {} {hierview} {D0:lab4.ac0(0)} {+sep=@}
wv_expand_tree_item {Custom WaveView} {} {hierview} {D0:lab4.ac0(0)} {+sep=@}
wv_select_tree_item {Custom WaveView} {} {hierview} {D0:lab4.ac0(0)@toplevel(0)} {0} {+sep=@}
wv_drag_tree_item {Custom WaveView} {} {hierview} {D0:lab4.ac0(0)@toplevel(0)} {+sep=@}
wv_select_tree_item {Custom WaveView} {} {hierview} {D0:lab4.ac0(0)@toplevel(0)} {0} {+sep=@}
wv_drag_enter WV1
wv_drop_on WV1
wv_ctrl_wheel_down WV1.PANEL1:1 59874.5 50.8978
wv_ctrl_wheel_down WV1.PANEL1:1 60677.5 50.1988
wv_ctrl_wheel_down WV1.PANEL1:1 300150 40.1026
wv_ctrl_wheel_down WV1.PANEL1:1 300150 40.1026
wv_select_waveview 1 {waveview 1}
wv_select_panel WV1.PANEL1:1 1.24862e+06 14.2148
wv_select_waveview 1 {waveview 1}
wv_select_panel WV1.PANEL1:1 3.57701e+06 70.7844
wv_select_waveview 1 {waveview 1}
wv_select_wv_item WV1.PANEL1:1.LINE8
wv_select_line WV1.PANEL1:1.LINE8
wv_select_waveview 1 {waveview 1}
wv_select_wv_item WV1.PANEL1:1.LINE7
wv_select_line WV1.PANEL1:1.LINE7
wv_press_tool_button {Custom WaveView} {waveview 1:1} {Waveview.CloseBtn} 
wv_select_dialog {Confirmation} 
wv_press_button {Confirmation} {} {Ok} 
wv_press_tool_button {Custom WaveView} {} {NewWaveView0} 
wv_resize_browser {Custom WaveView} {} {waveview 1:1} 1180 660
wv_select_list_item {Custom WaveView} {} {sigview} {vdb(3)} 6
wv_select_list_item {Custom WaveView} {} {sigview} {vdb(3)} 6
wv_select_window {Custom WaveView} 
wv_select_list_item {Custom WaveView} {} {sigview} {vdb(3)} 6
wv_select_list_item {Custom WaveView} {} {sigview} {vdb(3)} 6
wv_dclick_list_item {Custom WaveView} {} {sigview} {vdb(3)} 6
wv_select_list_item {Custom WaveView} {} {sigview} {vdb(3)} 6
wv_press_tool_button {Custom WaveView} {} {NewWaveView0} 
wv_select_list_item {Custom WaveView} {} {sigview} {vp(3)} 7
wv_dclick_list_item {Custom WaveView} {} {sigview} {vp(3)} 7
wv_select_list_item {Custom WaveView} {} {sigview} {vp(3)} 7
wv_dclick_list_item {Custom WaveView} {} {sigview} {vp(3)} 7
wv_select_list_item {Custom WaveView} {} {sigview} {vp(3)} 7
wv_select_list_item {Custom WaveView} {} {sigview} {vp(3)} 7
wv_select_tab {Custom WaveView} {} {WVTab} {waveview 1:1}
wv_select_tab {Custom WaveView} {} {WVTab} {waveview 1:1}
wv_close_window {Custom WaveView} 
wv_select_dialog {Confirmation} 
#wv_press_button {Confirmation} {} {Ok} 
