### Custom WaveView ADV log file, revision V-2023.12-SP1 (build Mar 01, ) ###
### created at 19:18:03 on Tue May 26 2026 (Linux AMD64) ###
### Host Name: mario   User ID: mario   PID: 596   ###
wv_start_log
# (0) running in waveview only mode
# (0) SW_SX_PERL_LIB defined
# (0) SW_SX_TCL_LIB defined
# (0) HOME defined
sx_open_sim_file_read {lab6.tr0}
wv_move_window {Custom WaveView} {} 8 31
wv_expand_tree_item {Custom WaveView} {} {hierview} {D0:lab6.tr0(0)} {+sep=@}
wv_select_tree_item {Custom WaveView} {} {hierview} {D0:lab6.tr0(0)@toplevel(0)} {0} {+sep=@}
wv_select_list_item {Custom WaveView} {} {sigview} {i(v1)} 0
wv_select_list_item {Custom WaveView} {} {sigview} {i(v2)} 1
wv_select_window {Custom WaveView} 
wv_select_list_item {Custom WaveView} {} {sigview} {v(2)} 4
wv_select_list_item {Custom WaveView} {} {sigview} {v(2)} 4
wv_drag_list_item {Custom WaveView} {} {sigview} {v(2)} 4
wv_drag_enter WV1
wv_drop_on WV1
wv_select_window {Custom WaveView} 
wv_move_window {Custom WaveView} {} 0 23
wv_ctrl_wheel_down WV1.PANEL1:1 0.00138862 0.356514
wv_ctrl_wheel_down WV1.PANEL1:1 0.00138862 0.356514
wv_ctrl_wheel_down WV1.PANEL1:1 0.00139151 0.357226
wv_ctrl_wheel_down WV1.PANEL1:1 0.00139151 0.357226
wv_select_list_item {Custom WaveView} {} {sigview} {v(1)} 3
wv_dclick_list_item {Custom WaveView} {} {sigview} {v(1)} 3
wv_select_list_item {Custom WaveView} {} {sigview} {v(1)} 3
wv_select_window {Custom WaveView} 
wv_select_waveview 1 {waveview 1}
wv_select_panel WV1.PANEL1:1 0.00152459 0.105662
wv_select_tab {Custom WaveView} {} {RBMenu} {Bar.File}
wv_select_tab {Custom WaveView} {} {RBMenu} {Bar.File}
wv_select_tab {Custom WaveView} {} {RBMenu} {Bar.Waveform}
wv_select_window {Custom WaveView} 
wv_close_window {Custom WaveView} 
wv_select_dialog {Confirmation} 
#wv_press_button {Confirmation} {} {Ok} 
